A suitable version of cmake was not found (required v3.30.1).
Downloading https://github.com/Kitware/CMake/releases/download/v3.30.1/cmake-3.30.1-linux-x86_64.tar.gz -> cmake-3.30.1-linux-x86_64.tar.gz
Successfully downloaded cmake-3.30.1-linux-x86_64.tar.gz
Extracting cmake...
Detecting compiler hash for triplet x64-linux...
Compiler found: /usr/bin/c++
The following packages will be removed:
    fmt:x64-windows
    pcan-basic:x64-windows
    vcpkg-cmake:x64-windows
    vcpkg-cmake-config:x64-windows
The following packages will be built and installed:
    fmt:x64-linux@12.1.0 -- git+https://github.com/microsoft/vcpkg@936231a2c765082457d348a8781ea9d3610eb331
    pcan-basic:x64-linux@4.10.0.4 -- /home/matiss/PCAN-DillDall2/ports/pcan-basic
  * vcpkg-cmake:x64-linux@2024-04-23 -- git+https://github.com/microsoft/vcpkg@e74aa1e8f93278a8e71372f1fa08c3df420eb840
  * vcpkg-cmake-config:x64-linux@2024-05-23 -- git+https://github.com/microsoft/vcpkg@97a63e4bc1a17422ffe4eff71da53b4b561a7841
Additional packages (*) will be modified to complete this operation.
Restored 4 package(s) from /home/matiss/.cache/vcpkg/archives in 367 ms. Use --debug to see more details.
Removing 1/8 pcan-basic:x64-windows
Elapsed time to handle pcan-basic:x64-windows: 14.8 ms
Removing 2/8 fmt:x64-windows
Elapsed time to handle fmt:x64-windows: 7.05 ms
Removing 3/8 vcpkg-cmake:x64-windows
Elapsed time to handle vcpkg-cmake:x64-windows: 894 us
Removing 4/8 vcpkg-cmake-config:x64-windows
Elapsed time to handle vcpkg-cmake-config:x64-windows: 965 us
Installing 5/8 vcpkg-cmake-config:x64-linux@2024-05-23...
Elapsed time to handle vcpkg-cmake-config:x64-linux: 1.04 ms
vcpkg-cmake-config:x64-linux package ABI: 7deca9f6153c0bfec5e3aa43ba7e0a7ea7c6ac34cf1d98c363956840db85bbb3
Installing 6/8 vcpkg-cmake:x64-linux@2024-04-23...
Elapsed time to handle vcpkg-cmake:x64-linux: 1.04 ms
vcpkg-cmake:x64-linux package ABI: 2293983a1b42be98d577e3be6b70b3e52ecfada75de79c770ec23c19c1fe5dc7
Installing 7/8 fmt:x64-linux@12.1.0...
Elapsed time to handle fmt:x64-linux: 2.33 ms
fmt:x64-linux package ABI: c0831d3389f7f9896463b177a5a6facb0a32958beb61f5aa0bdfeb0db42e3456
Installing 8/8 pcan-basic:x64-linux@4.10.0.4...
Elapsed time to handle pcan-basic:x64-linux: 16.6 ms
pcan-basic:x64-linux package ABI: ec9cf5de7d7475551ccbb770435ac768506fb58f9f6466d22e0d868e7f1a0e57
Installed contents are licensed to you by owners. Microsoft is not responsible for, nor does it grant any licenses to, third-party packages.
Packages installed in this vcpkg installation declare the following licenses:
LicenseRef-Proprietary
MIT
The package fmt provides CMake targets:

    find_package(fmt CONFIG REQUIRED)
    target_link_libraries(main PRIVATE fmt::fmt)

    # Or use the header-only version
    find_package(fmt CONFIG REQUIRED)
    target_link_libraries(main PRIVATE fmt::fmt-header-only)

pcan-basic provides CMake targets:

  # this is heuristically generated, and may not be correct
  find_package(pcan-basic CONFIG REQUIRED)
  target_link_libraries(main PRIVATE pcan-basic)

All requested installations completed successfully in: 47.7 ms
